<?xml version="1.0" encoding="UTF-8"?>
<!-- Generated by org.testng.reporters.JUnitReportReporter -->
<testsuite skipped="0" hostname="DESKTOP-ACI7R7L" name="Api.TestRunner.PostApiRunnerTests" tests="1" failures="0" timestamp="2023-06-01T17:22:48 BDT" time="1.717" errors="0">
  <testcase name="runScenario" time="1.717" classname="Api.TestRunner.PostApiRunnerTests"/>
  <system-out/>
</testsuite> <!-- Api.TestRunner.PostApiRunnerTests -->
