<?xml version="1.0" encoding="UTF-8"?>
<!-- Generated by org.testng.reporters.JUnitReportReporter -->
<testsuite skipped="0" hostname="DESKTOP-ACI7R7L" name="Api.TestRunner.PatchApiRunnerTests" tests="1" failures="0" timestamp="2023-06-01T17:22:48 BDT" time="2.436" errors="0">
  <testcase name="runScenario" time="2.436" classname="Api.TestRunner.PatchApiRunnerTests"/>
  <system-out/>
</testsuite> <!-- Api.TestRunner.PatchApiRunnerTests -->
