<?xml version="1.0" encoding="UTF-8"?>
<!-- Generated by org.testng.reporters.JUnitReportReporter -->
<testsuite skipped="0" hostname="DESKTOP-ACI7R7L" name="Api.TestRunner.GetApiTestRunner" tests="1" failures="0" timestamp="2023-06-01T17:22:48 BDT" time="3.938" errors="0">
  <testcase name="runScenario" time="3.938" classname="Api.TestRunner.GetApiTestRunner"/>
  <system-out/>
</testsuite> <!-- Api.TestRunner.GetApiTestRunner -->
