<?xml version="1.0" encoding="UTF-8"?>
<!-- Generated by org.testng.reporters.JUnitReportReporter -->
<testsuite skipped="0" hostname="DESKTOP-ACI7R7L" name="Api.TestRunner.PutApiRunnerTests" tests="1" failures="0" timestamp="2023-06-01T17:22:48 BDT" time="1.917" errors="0">
  <testcase name="runScenario" time="1.917" classname="Api.TestRunner.PutApiRunnerTests"/>
  <system-out/>
</testsuite> <!-- Api.TestRunner.PutApiRunnerTests -->
