<?xml version="1.0" encoding="UTF-8"?>
<!-- Generated by org.testng.reporters.JUnitReportReporter -->
<testsuite skipped="0" hostname="DESKTOP-ACI7R7L" name="Web.TestRunner.XYZBankTestRunner" tests="3" failures="0" timestamp="2023-06-01T17:22:48 BDT" time="26.734" errors="0">
  <testcase name="runScenario" time="7.669" classname="Web.TestRunner.XYZBankTestRunner"/>
  <system-out/>
  <testcase name="runScenario" time="6.873" classname="Web.TestRunner.XYZBankTestRunner"/>
  <system-out/>
  <testcase name="runScenario" time="12.192" classname="Web.TestRunner.XYZBankTestRunner"/>
  <system-out/>
</testsuite> <!-- Web.TestRunner.XYZBankTestRunner -->
